<?xml version="1.0" encoding="UTF-8"?>
<!-- Generated by org.testng.reporters.JUnitReportReporter -->
<testsuite skipped="0" hostname="ojt22-PC" name="DriverFactory.AppTest" tests="1" failures="0" timestamp="23 Sep 2019 07:09:07 GMT" time="25.648" errors="0">
  <testcase name="kickStart" time="25.648" classname="DriverFactory.AppTest"/>
</testsuite> <!-- DriverFactory.AppTest -->
